Command: FastTree -nosupport -gtr -gamma -nt -log /Users/gc3045/PLUSplacer-taxtastic/examples/bbtre.log -intree /Users/gc3045/PLUSplacer-taxtastic/examples/bbtre.nwk
FastTree Version 2.1.11 No SSE3
Alignment: standard input
Nucleotide distances: Jukes-Cantor Joins: balanced Support: none
Start at tree from /Users/gc3045/PLUSplacer-taxtastic/examples/bbtre.nwk +NNI +SPR (2 rounds range 10)
ML Model: Generalized Time-Reversible, CAT approximation with 20 rate categories
Read 7 sequences, 10 positions
NJ	(test4:0.00000,(test7:0.00000,(test3:0.0,test6:0.0):0.00000):0.00000,((test1:0.00000,test2:0.00000):0.00000,test5:0.00000):0.00000);
ME_NNI1	(test4:0.00000,(test7:0.00000,(test3:0.0,test6:0.0):0.00000):0.00000,((test1:0.00000,test2:0.00000):0.00000,test5:0.00000):0.00000);
Min_evolution NNIs converged at round 1 -- skipping some rounds
ME_SPR1	(test4:0.00000,(test7:0.00000,(test3:0.0,test6:0.0):0.00000):0.00000,((test1:0.00000,test2:0.00000):0.00000,test5:0.00000):0.00000);
ME_NNI4	(test4:0.00000,(test7:0.00000,(test3:0.0,test6:0.0):0.00000):0.00000,((test1:0.00000,test2:0.00000):0.00000,test5:0.00000):0.00000);
Min_evolution NNIs converged at round 4 -- skipping some rounds
ME_SPR2	(test4:0.00000,(test7:0.00000,(test3:0.0,test6:0.0):0.00000):0.00000,((test1:0.00000,test2:0.00000):0.00000,test5:0.00000):0.00000);
ME_NNI7	(test4:0.00000,(test7:0.00000,(test3:0.0,test6:0.0):0.00000):0.00000,((test1:0.00000,test2:0.00000):0.00000,test5:0.00000):0.00000);
Min_evolution NNIs converged at round 7 -- skipping some rounds
ME_Lengths	(test4:0.05589,(test7:0.11461,(test3:0.0,test6:0.0):-0.00728):0.06023,((test1:-0.20627,test2:0.31359):1.70301,test5:-0.19156):0.24492);
Total branch-length 2.897 after 0.00 sec
ML_Lengths1	(test4:0.07070,(test7:0.10739,(test3:0.0,test6:0.0):0.00055):0.06991,((test1:0.00055,test2:0.10712):1.21019,test5:0.00055):0.06980);
ML_NNI1	(test4:0.07020,(test7:0.10739,(test3:0.0,test6:0.0):0.00055):0.07013,((test1:0.00055,test2:0.10712):1.21019,test5:0.00055):0.06990);
TreeLogLk	ML_NNI1	-44.3322	MaxChange	0.0000
GTR_Opt	freq 0.25000 0.12500 0.26562 0.35938 rates 0.50000 1.00000 1.00000 1.00000 1.00000 1.00000
GTR_Opt	GTR LogLk(0.50000 1.00000 1.00000 1.00000 1.00000 1.00000) = -43.563469
GTR_Opt	freq 0.25000 0.12500 0.26562 0.35938 rates 1.00000 1.00000 1.00000 1.00000 1.00000 1.00000
GTR_Opt	GTR LogLk(1.00000 1.00000 1.00000 1.00000 1.00000 1.00000) = -43.423661
GTR_Opt	freq 0.25000 0.12500 0.26562 0.35938 rates 2.00000 1.00000 1.00000 1.00000 1.00000 1.00000
GTR_Opt	GTR LogLk(2.00000 1.00000 1.00000 1.00000 1.00000 1.00000) = -43.385122
GTR_Opt	freq 0.25000 0.12500 0.26562 0.35938 rates 11.00000 1.00000 1.00000 1.00000 1.00000 1.00000
GTR_Opt	GTR LogLk(11.00000 1.00000 1.00000 1.00000 1.00000 1.00000) = -45.053954
GTR_Opt	freq 0.25000 0.12500 0.26562 0.35938 rates 4.81966 1.00000 1.00000 1.00000 1.00000 1.00000
GTR_Opt	GTR LogLk(4.81966 1.00000 1.00000 1.00000 1.00000 1.00000) = -43.765751
GTR_Opt	freq 0.25000 0.12500 0.26562 0.35938 rates 2.38587 1.00000 1.00000 1.00000 1.00000 1.00000
GTR_Opt	GTR LogLk(2.38587 1.00000 1.00000 1.00000 1.00000 1.00000) = -43.410464
GTR_Opt	freq 0.25000 0.12500 0.26562 0.35938 rates 1.72618 1.00000 1.00000 1.00000 1.00000 1.00000
GTR_Opt	GTR LogLk(1.72618 1.00000 1.00000 1.00000 1.00000 1.00000) = -43.377416
GTR_Opt	freq 0.25000 0.12500 0.26562 0.35938 rates 1.75093 1.00000 1.00000 1.00000 1.00000 1.00000
GTR_Opt	GTR LogLk(1.75093 1.00000 1.00000 1.00000 1.00000 1.00000) = -43.377687
GTR_Opt	freq 0.25000 0.12500 0.26562 0.35938 rates 1.64944 1.00000 1.00000 1.00000 1.00000 1.00000
GTR_Opt	GTR LogLk(1.64944 1.00000 1.00000 1.00000 1.00000 1.00000) = -43.377165
GTR_Opt	freq 0.25000 0.12500 0.26562 0.35938 rates 1.40138 1.00000 1.00000 1.00000 1.00000 1.00000
GTR_Opt	GTR LogLk(1.40138 1.00000 1.00000 1.00000 1.00000 1.00000) = -43.383378
GTR_Opt	freq 0.25000 0.12500 0.26562 0.35938 rates 1.66633 1.00000 1.00000 1.00000 1.00000 1.00000
GTR_Opt	GTR LogLk(1.66633 1.00000 1.00000 1.00000 1.00000 1.00000) = -43.377141
GTR_Opt	freq 0.25000 0.12500 0.26562 0.35938 rates 1.66799 1.00000 1.00000 1.00000 1.00000 1.00000
GTR_Opt	GTR LogLk(1.66799 1.00000 1.00000 1.00000 1.00000 1.00000) = -43.377141
GTR_Opt	freq 0.25000 0.12500 0.26562 0.35938 rates 1.66966 1.00000 1.00000 1.00000 1.00000 1.00000
GTR_Opt	GTR LogLk(1.66966 1.00000 1.00000 1.00000 1.00000 1.00000) = -43.377140
GTR_Opt	freq 0.25000 0.12500 0.26562 0.35938 rates 1.69125 1.00000 1.00000 1.00000 1.00000 1.00000
GTR_Opt	GTR LogLk(1.69125 1.00000 1.00000 1.00000 1.00000 1.00000) = -43.377187
GTR_Opt	freq 0.25000 0.12500 0.26562 0.35938 rates 1.67791 1.00000 1.00000 1.00000 1.00000 1.00000
GTR_Opt	GTR LogLk(1.67791 1.00000 1.00000 1.00000 1.00000 1.00000) = -43.377147
GTR_Opt	freq 0.25000 0.12500 0.26562 0.35938 rates 1.67281 1.00000 1.00000 1.00000 1.00000 1.00000
GTR_Opt	GTR LogLk(1.67281 1.00000 1.00000 1.00000 1.00000 1.00000) = -43.377145
GTR_Opt	freq 0.25000 0.12500 0.26562 0.35938 rates 1.66966 0.50000 1.00000 1.00000 1.00000 1.00000
GTR_Opt	GTR LogLk(1.66966 0.50000 1.00000 1.00000 1.00000 1.00000) = -43.724429
GTR_Opt	freq 0.25000 0.12500 0.26562 0.35938 rates 1.66966 1.00000 1.00000 1.00000 1.00000 1.00000
GTR_Opt	GTR LogLk(1.66966 1.00000 1.00000 1.00000 1.00000 1.00000) = -43.377140
GTR_Opt	freq 0.25000 0.12500 0.26562 0.35938 rates 1.66966 2.00000 1.00000 1.00000 1.00000 1.00000
GTR_Opt	GTR LogLk(1.66966 2.00000 1.00000 1.00000 1.00000 1.00000) = -43.277133
GTR_Opt	freq 0.25000 0.12500 0.26562 0.35938 rates 1.66966 11.00000 1.00000 1.00000 1.00000 1.00000
GTR_Opt	GTR LogLk(1.66966 11.00000 1.00000 1.00000 1.00000 1.00000) = -45.484365
GTR_Opt	freq 0.25000 0.12500 0.26562 0.35938 rates 1.66966 4.81966 1.00000 1.00000 1.00000 1.00000
GTR_Opt	GTR LogLk(1.66966 4.81966 1.00000 1.00000 1.00000 1.00000) = -43.858962
GTR_Opt	freq 0.25000 0.12500 0.26562 0.35938 rates 1.66966 2.57787 1.00000 1.00000 1.00000 1.00000
GTR_Opt	GTR LogLk(1.66966 2.57787 1.00000 1.00000 1.00000 1.00000) = -43.347741
GTR_Opt	freq 0.25000 0.12500 0.26562 0.35938 rates 1.66966 1.81757 1.00000 1.00000 1.00000 1.00000
GTR_Opt	GTR LogLk(1.66966 1.81757 1.00000 1.00000 1.00000 1.00000) = -43.267619
GTR_Opt	freq 0.25000 0.12500 0.26562 0.35938 rates 1.66966 1.85035 1.00000 1.00000 1.00000 1.00000
GTR_Opt	GTR LogLk(1.66966 1.85035 1.00000 1.00000 1.00000 1.00000) = -43.268733
GTR_Opt	freq 0.25000 0.12500 0.26562 0.35938 rates 1.66966 1.66062 1.00000 1.00000 1.00000 1.00000
GTR_Opt	GTR LogLk(1.66966 1.66062 1.00000 1.00000 1.00000 1.00000) = -43.266433
GTR_Opt	freq 0.25000 0.12500 0.26562 0.35938 rates 1.66966 1.40828 1.00000 1.00000 1.00000 1.00000
GTR_Opt	GTR LogLk(1.66966 1.40828 1.00000 1.00000 1.00000 1.00000) = -43.282208
GTR_Opt	freq 0.25000 0.12500 0.26562 0.35938 rates 1.66966 1.71202 1.00000 1.00000 1.00000 1.00000
GTR_Opt	GTR LogLk(1.66966 1.71202 1.00000 1.00000 1.00000 1.00000) = -43.266017
GTR_Opt	freq 0.25000 0.12500 0.26562 0.35938 rates 1.66966 1.71373 1.00000 1.00000 1.00000 1.00000
GTR_Opt	GTR LogLk(1.66966 1.71373 1.00000 1.00000 1.00000 1.00000) = -43.266020
GTR_Opt	freq 0.25000 0.12500 0.26562 0.35938 rates 1.66966 1.70852 1.00000 1.00000 1.00000 1.00000
GTR_Opt	GTR LogLk(1.66966 1.70852 1.00000 1.00000 1.00000 1.00000) = -43.266021
GTR_Opt	freq 0.25000 0.12500 0.26562 0.35938 rates 1.66966 1.71031 1.00000 1.00000 1.00000 1.00000
GTR_Opt	GTR LogLk(1.66966 1.71031 1.00000 1.00000 1.00000 1.00000) = -43.266020
GTR_Opt	freq 0.25000 0.12500 0.26562 0.35938 rates 1.66966 1.71202 0.50000 1.00000 1.00000 1.00000
GTR_Opt	GTR LogLk(1.66966 1.71202 0.50000 1.00000 1.00000 1.00000) = -44.267658
GTR_Opt	freq 0.25000 0.12500 0.26562 0.35938 rates 1.66966 1.71202 1.00000 1.00000 1.00000 1.00000
GTR_Opt	GTR LogLk(1.66966 1.71202 1.00000 1.00000 1.00000 1.00000) = -43.266017
GTR_Opt	freq 0.25000 0.12500 0.26562 0.35938 rates 1.66966 1.71202 2.00000 1.00000 1.00000 1.00000
GTR_Opt	GTR LogLk(1.66966 1.71202 2.00000 1.00000 1.00000 1.00000) = -42.676668
GTR_Opt	freq 0.25000 0.12500 0.26562 0.35938 rates 1.66966 1.71202 11.00000 1.00000 1.00000 1.00000
GTR_Opt	GTR LogLk(1.66966 1.71202 11.00000 1.00000 1.00000 1.00000) = -44.177865
GTR_Opt	freq 0.25000 0.12500 0.26562 0.35938 rates 1.66966 1.71202 4.81966 1.00000 1.00000 1.00000
GTR_Opt	GTR LogLk(1.66966 1.71202 4.81966 1.00000 1.00000 1.00000) = -42.830890
GTR_Opt	freq 0.25000 0.12500 0.26562 0.35938 rates 1.66966 1.71202 4.62617 1.00000 1.00000 1.00000
GTR_Opt	GTR LogLk(1.66966 1.71202 4.62617 1.00000 1.00000 1.00000) = -42.796682
GTR_Opt	freq 0.25000 0.12500 0.26562 0.35938 rates 1.66966 1.71202 3.62031 1.00000 1.00000 1.00000
GTR_Opt	GTR LogLk(1.66966 1.71202 3.62031 1.00000 1.00000 1.00000) = -42.650883
GTR_Opt	freq 0.25000 0.12500 0.26562 0.35938 rates 1.66966 1.71202 2.61944 1.00000 1.00000 1.00000
GTR_Opt	GTR LogLk(1.66966 1.71202 2.61944 1.00000 1.00000 1.00000) = -42.602843
GTR_Opt	freq 0.25000 0.12500 0.26562 0.35938 rates 1.66966 1.71202 2.62315 1.00000 1.00000 1.00000
GTR_Opt	GTR LogLk(1.66966 1.71202 2.62315 1.00000 1.00000 1.00000) = -42.602718
GTR_Opt	freq 0.25000 0.12500 0.26562 0.35938 rates 1.66966 1.71202 2.82688 1.00000 1.00000 1.00000
GTR_Opt	GTR LogLk(1.66966 1.71202 2.82688 1.00000 1.00000 1.00000) = -42.600186
GTR_Opt	freq 0.25000 0.12500 0.26562 0.35938 rates 1.66966 1.71202 3.12994 1.00000 1.00000 1.00000
GTR_Opt	GTR LogLk(1.66966 1.71202 3.12994 1.00000 1.00000 1.00000) = -42.609842
GTR_Opt	freq 0.25000 0.12500 0.26562 0.35938 rates 1.66966 1.71202 2.78569 1.00000 1.00000 1.00000
GTR_Opt	GTR LogLk(1.66966 1.71202 2.78569 1.00000 1.00000 1.00000) = -42.600050
GTR_Opt	freq 0.25000 0.12500 0.26562 0.35938 rates 1.66966 1.71202 2.78926 1.00000 1.00000 1.00000
GTR_Opt	GTR LogLk(1.66966 1.71202 2.78926 1.00000 1.00000 1.00000) = -42.600048
GTR_Opt	freq 0.25000 0.12500 0.26562 0.35938 rates 1.66966 1.71202 2.79205 1.00000 1.00000 1.00000
GTR_Opt	GTR LogLk(1.66966 1.71202 2.79205 1.00000 1.00000 1.00000) = -42.600048
GTR_Opt	freq 0.25000 0.12500 0.26562 0.35938 rates 1.66966 1.71202 2.78926 0.50000 1.00000 1.00000
GTR_Opt	GTR LogLk(1.66966 1.71202 2.78926 0.50000 1.00000 1.00000) = -43.059633
GTR_Opt	freq 0.25000 0.12500 0.26562 0.35938 rates 1.66966 1.71202 2.78926 1.00000 1.00000 1.00000
GTR_Opt	GTR LogLk(1.66966 1.71202 2.78926 1.00000 1.00000 1.00000) = -42.600048
GTR_Opt	freq 0.25000 0.12500 0.26562 0.35938 rates 1.66966 1.71202 2.78926 2.00000 1.00000 1.00000
GTR_Opt	GTR LogLk(1.66966 1.71202 2.78926 2.00000 1.00000 1.00000) = -42.124558
GTR_Opt	freq 0.25000 0.12500 0.26562 0.35938 rates 1.66966 1.71202 2.78926 11.00000 1.00000 1.00000
GTR_Opt	GTR LogLk(1.66966 1.71202 2.78926 11.00000 1.00000 1.00000) = -42.081832
GTR_Opt	freq 0.25000 0.12500 0.26562 0.35938 rates 1.66966 1.71202 2.78926 15.50000 1.00000 1.00000
GTR_Opt	GTR LogLk(1.66966 1.71202 2.78926 15.50000 1.00000 1.00000) = -42.512224
GTR_Opt	freq 0.25000 0.12500 0.26562 0.35938 rates 1.66966 1.71202 2.78926 17.75000 1.00000 1.00000
GTR_Opt	GTR LogLk(1.66966 1.71202 2.78926 17.75000 1.00000 1.00000) = -42.744917
GTR_Opt	freq 0.25000 0.12500 0.26562 0.35938 rates 1.66966 1.71202 2.78926 7.39793 1.00000 1.00000
GTR_Opt	GTR LogLk(1.66966 1.71202 2.78926 7.39793 1.00000 1.00000) = -41.824641
GTR_Opt	freq 0.25000 0.12500 0.26562 0.35938 rates 1.66966 1.71202 2.78926 9.03023 1.00000 1.00000
GTR_Opt	GTR LogLk(1.66966 1.71202 2.78926 9.03023 1.00000 1.00000) = -41.925172
GTR_Opt	freq 0.25000 0.12500 0.26562 0.35938 rates 1.66966 1.71202 2.78926 6.86120 1.00000 1.00000
GTR_Opt	GTR LogLk(1.66966 1.71202 2.78926 6.86120 1.00000 1.00000) = -41.800219
GTR_Opt	freq 0.25000 0.12500 0.26562 0.35938 rates 1.66966 1.71202 2.78926 4.62242 1.00000 1.00000
GTR_Opt	GTR LogLk(1.66966 1.71202 2.78926 4.62242 1.00000 1.00000) = -41.775494
GTR_Opt	freq 0.25000 0.12500 0.26562 0.35938 rates 1.66966 1.71202 2.78926 5.29702 1.00000 1.00000
GTR_Opt	GTR LogLk(1.66966 1.71202 2.78926 5.29702 1.00000 1.00000) = -41.766053
GTR_Opt	freq 0.25000 0.12500 0.26562 0.35938 rates 1.66966 1.71202 2.78926 5.39684 1.00000 1.00000
GTR_Opt	GTR LogLk(1.66966 1.71202 2.78926 5.39684 1.00000 1.00000) = -41.766140
GTR_Opt	freq 0.25000 0.12500 0.26562 0.35938 rates 1.66966 1.71202 2.78926 5.32418 1.00000 1.00000
GTR_Opt	GTR LogLk(1.66966 1.71202 2.78926 5.32418 1.00000 1.00000) = -41.766042
GTR_Opt	freq 0.25000 0.12500 0.26562 0.35938 rates 1.66966 1.71202 2.78926 5.31886 1.00000 1.00000
GTR_Opt	GTR LogLk(1.66966 1.71202 2.78926 5.31886 1.00000 1.00000) = -41.766041
GTR_Opt	freq 0.25000 0.12500 0.26562 0.35938 rates 1.66966 1.71202 2.78926 5.31354 1.00000 1.00000
GTR_Opt	GTR LogLk(1.66966 1.71202 2.78926 5.31354 1.00000 1.00000) = -41.766041
GTR_Opt	freq 0.25000 0.12500 0.26562 0.35938 rates 1.66966 1.71202 2.78926 5.31886 0.50000 1.00000
GTR_Opt	GTR LogLk(1.66966 1.71202 2.78926 5.31886 0.50000 1.00000) = -41.721659
GTR_Opt	freq 0.25000 0.12500 0.26562 0.35938 rates 1.66966 1.71202 2.78926 5.31886 1.00000 1.00000
GTR_Opt	GTR LogLk(1.66966 1.71202 2.78926 5.31886 1.00000 1.00000) = -41.766041
GTR_Opt	freq 0.25000 0.12500 0.26562 0.35938 rates 1.66966 1.71202 2.78926 5.31886 2.00000 1.00000
GTR_Opt	GTR LogLk(1.66966 1.71202 2.78926 5.31886 2.00000 1.00000) = -41.949805
GTR_Opt	freq 0.25000 0.12500 0.26562 0.35938 rates 1.66966 1.71202 2.78926 5.31886 0.27500 1.00000
GTR_Opt	GTR LogLk(1.66966 1.71202 2.78926 5.31886 0.27500 1.00000) = -41.723180
GTR_Opt	freq 0.25000 0.12500 0.26562 0.35938 rates 1.66966 1.71202 2.78926 5.31886 0.16250 1.00000
GTR_Opt	GTR LogLk(1.66966 1.71202 2.78926 5.31886 0.16250 1.00000) = -41.731614
GTR_Opt	freq 0.25000 0.12500 0.26562 0.35938 rates 1.66966 1.71202 2.78926 5.31886 0.10625 1.00000
GTR_Opt	GTR LogLk(1.66966 1.71202 2.78926 5.31886 0.10625 1.00000) = -41.738239
GTR_Opt	freq 0.25000 0.12500 0.26562 0.35938 rates 1.66966 1.71202 2.78926 5.31886 0.05000 1.00000
GTR_Opt	GTR LogLk(1.66966 1.71202 2.78926 5.31886 0.05000 1.00000) = -41.746715
GTR_Opt	freq 0.25000 0.12500 0.26562 0.35938 rates 1.66966 1.71202 2.78926 5.31886 1.38197 1.00000
GTR_Opt	GTR LogLk(1.66966 1.71202 2.78926 5.31886 1.38197 1.00000) = -41.826360
GTR_Opt	freq 0.25000 0.12500 0.26562 0.35938 rates 1.66966 1.71202 2.78926 5.31886 0.63713 1.00000
GTR_Opt	GTR LogLk(1.66966 1.71202 2.78926 5.31886 0.63713 1.00000) = -41.728447
GTR_Opt	freq 0.25000 0.12500 0.26562 0.35938 rates 1.66966 1.71202 2.78926 5.31886 0.45327 1.00000
GTR_Opt	GTR LogLk(1.66966 1.71202 2.78926 5.31886 0.45327 1.00000) = -41.720553
GTR_Opt	freq 0.25000 0.12500 0.26562 0.35938 rates 1.66966 1.71202 2.78926 5.31886 0.35175 1.00000
GTR_Opt	GTR LogLk(1.66966 1.71202 2.78926 5.31886 0.35175 1.00000) = -41.720608
GTR_Opt	freq 0.25000 0.12500 0.26562 0.35938 rates 1.66966 1.71202 2.78926 5.31886 0.40428 1.00000
GTR_Opt	GTR LogLk(1.66966 1.71202 2.78926 5.31886 0.40428 1.00000) = -41.720136
GTR_Opt	freq 0.25000 0.12500 0.26562 0.35938 rates 1.66966 1.71202 2.78926 5.31886 0.40387 1.00000
GTR_Opt	GTR LogLk(1.66966 1.71202 2.78926 5.31886 0.40387 1.00000) = -41.720138
GTR_Opt	freq 0.25000 0.12500 0.26562 0.35938 rates 1.66966 1.71202 2.78926 5.31886 0.41340 1.00000
GTR_Opt	GTR LogLk(1.66966 1.71202 2.78926 5.31886 0.41340 1.00000) = -41.720155
GTR_Opt	freq 0.25000 0.12500 0.26562 0.35938 rates 1.66966 1.71202 2.78926 5.31886 0.40776 1.00000
GTR_Opt	GTR LogLk(1.66966 1.71202 2.78926 5.31886 0.40776 1.00000) = -41.720141
GTR_Opt	freq 0.25000 0.12500 0.26562 0.35938 rates 1.66966 1.71202 2.78926 5.31886 0.40561 1.00000
GTR_Opt	GTR LogLk(1.66966 1.71202 2.78926 5.31886 0.40561 1.00000) = -41.720139
GTR_Opt	freq 0.25000 0.12500 0.26562 0.35938 rates 1.66966 1.71202 2.78926 5.31886 0.40470 1.00000
GTR_Opt	GTR LogLk(1.66966 1.71202 2.78926 5.31886 0.40470 1.00000) = -41.720137
GTR_Opt	freq 0.25000 0.12500 0.26562 0.35938 rates 1.66966 1.71202 2.78926 5.31886 0.40428 0.50000
GTR_Opt	GTR LogLk(1.66966 1.71202 2.78926 5.31886 0.40428 0.50000) = -41.254985
GTR_Opt	freq 0.25000 0.12500 0.26562 0.35938 rates 1.66966 1.71202 2.78926 5.31886 0.40428 1.00000
GTR_Opt	GTR LogLk(1.66966 1.71202 2.78926 5.31886 0.40428 1.00000) = -41.720136
GTR_Opt	freq 0.25000 0.12500 0.26562 0.35938 rates 1.66966 1.71202 2.78926 5.31886 0.40428 2.00000
GTR_Opt	GTR LogLk(1.66966 1.71202 2.78926 5.31886 0.40428 2.00000) = -42.560514
GTR_Opt	freq 0.25000 0.12500 0.26562 0.35938 rates 1.66966 1.71202 2.78926 5.31886 0.40428 0.27500
GTR_Opt	GTR LogLk(1.66966 1.71202 2.78926 5.31886 0.40428 0.27500) = -41.036828
GTR_Opt	freq 0.25000 0.12500 0.26562 0.35938 rates 1.66966 1.71202 2.78926 5.31886 0.40428 0.16250
GTR_Opt	GTR LogLk(1.66966 1.71202 2.78926 5.31886 0.40428 0.16250) = -40.926296
GTR_Opt	freq 0.25000 0.12500 0.26562 0.35938 rates 1.66966 1.71202 2.78926 5.31886 0.40428 0.10625
GTR_Opt	GTR LogLk(1.66966 1.71202 2.78926 5.31886 0.40428 0.10625) = -40.870805
GTR_Opt	freq 0.25000 0.12500 0.26562 0.35938 rates 1.66966 1.71202 2.78926 5.31886 0.40428 0.05000
GTR_Opt	GTR LogLk(1.66966 1.71202 2.78926 5.31886 0.40428 0.05000) = -40.815236
GTR_Opt	freq 0.25000 0.12500 0.26562 0.35938 rates 1.66966 1.71202 2.78926 5.31886 0.40428 1.38197
GTR_Opt	GTR LogLk(1.66966 1.71202 2.78926 5.31886 0.40428 1.38197) = -42.054959
GTR_Opt	freq 0.25000 0.12500 0.26562 0.35938 rates 1.66966 1.71202 2.78926 5.31886 0.40428 0.63713
GTR_Opt	GTR LogLk(1.66966 1.71202 2.78926 5.31886 0.40428 0.63713) = -41.385472
GTR_Opt	freq 0.25000 0.12500 0.26562 0.35938 rates 1.66966 1.71202 2.78926 5.31886 0.40428 0.41287
GTR_Opt	GTR LogLk(1.66966 1.71202 2.78926 5.31886 0.40428 0.41287) = -41.171047
GTR_Opt	freq 0.25000 0.12500 0.26562 0.35938 rates 1.66966 1.71202 2.78926 5.31886 0.40428 0.27426
GTR_Opt	GTR LogLk(1.66966 1.71202 2.78926 5.31886 0.40428 0.27426) = -41.036107
GTR_Opt	freq 0.25000 0.12500 0.26562 0.35938 rates 1.66966 1.71202 2.78926 5.31886 0.40428 0.18860
GTR_Opt	GTR LogLk(1.66966 1.71202 2.78926 5.31886 0.40428 0.18860) = -40.952006
GTR_Opt	freq 0.25000 0.12500 0.26562 0.35938 rates 1.66966 1.71202 2.78926 5.31886 0.40428 0.13566
GTR_Opt	GTR LogLk(1.66966 1.71202 2.78926 5.31886 0.40428 0.13566) = -40.899832
GTR_Opt	freq 0.25000 0.12500 0.26562 0.35938 rates 1.66966 1.71202 2.78926 5.31886 0.40428 0.10294
GTR_Opt	GTR LogLk(1.66966 1.71202 2.78926 5.31886 0.40428 0.10294) = -40.867537
GTR_Opt	freq 0.25000 0.12500 0.26562 0.35938 rates 1.66966 1.71202 2.78926 5.31886 0.40428 0.08272
GTR_Opt	GTR LogLk(1.66966 1.71202 2.78926 5.31886 0.40428 0.08272) = -40.847566
GTR_Opt	freq 0.25000 0.12500 0.26562 0.35938 rates 1.66966 1.71202 2.78926 5.31886 0.40428 0.07022
GTR_Opt	GTR LogLk(1.66966 1.71202 2.78926 5.31886 0.40428 0.07022) = -40.835218
GTR_Opt	freq 0.25000 0.12500 0.26562 0.35938 rates 1.66966 1.71202 2.78926 5.31886 0.40428 0.06250
GTR_Opt	GTR LogLk(1.66966 1.71202 2.78926 5.31886 0.40428 0.06250) = -40.827586
GTR_Opt	freq 0.25000 0.12500 0.26562 0.35938 rates 1.66966 1.71202 2.78926 5.31886 0.40428 0.05772
GTR_Opt	GTR LogLk(1.66966 1.71202 2.78926 5.31886 0.40428 0.05772) = -40.822869
GTR_Opt	freq 0.25000 0.12500 0.26562 0.35938 rates 1.66966 1.71202 2.78926 5.31886 0.40428 0.05477
GTR_Opt	GTR LogLk(1.66966 1.71202 2.78926 5.31886 0.40428 0.05477) = -40.819953
GTR_Opt	freq 0.25000 0.12500 0.26562 0.35938 rates 1.66966 1.71202 2.78926 5.31886 0.40428 0.05295
GTR_Opt	GTR LogLk(1.66966 1.71202 2.78926 5.31886 0.40428 0.05295) = -40.818151
GTR_Opt	freq 0.25000 0.12500 0.26562 0.35938 rates 1.66966 1.71202 2.78926 5.31886 0.40428 0.05182
GTR_Opt	GTR LogLk(1.66966 1.71202 2.78926 5.31886 0.40428 0.05182) = -40.817037
GTR_Opt	freq 0.25000 0.12500 0.26562 0.35938 rates 1.66966 1.71202 2.78926 5.31886 0.40428 0.05113
GTR_Opt	GTR LogLk(1.66966 1.71202 2.78926 5.31886 0.40428 0.05113) = -40.816349
GTR_Opt	freq 0.25000 0.12500 0.26562 0.35938 rates 1.66966 1.71202 2.78926 5.31886 0.40428 0.05070
GTR_Opt	GTR LogLk(1.66966 1.71202 2.78926 5.31886 0.40428 0.05070) = -40.815924
GTR_Opt	freq 0.25000 0.12500 0.26562 0.35938 rates 1.66966 1.71202 2.78926 5.31886 0.40428 0.05043
GTR_Opt	GTR LogLk(1.66966 1.71202 2.78926 5.31886 0.40428 0.05043) = -40.815661
GTR_Opt	freq 0.25000 0.12500 0.26562 0.35938 rates 1.66966 1.71202 2.78926 5.31886 0.40428 0.05027
GTR_Opt	GTR LogLk(1.66966 1.71202 2.78926 5.31886 0.40428 0.05027) = -40.815499
GTR_Opt	freq 0.25000 0.12500 0.26562 0.35938 rates 1.66966 1.71202 2.78926 5.31886 0.40428 0.05016
GTR_Opt	GTR LogLk(1.66966 1.71202 2.78926 5.31886 0.40428 0.05016) = -40.815399
GTR_Opt	freq 0.25000 0.12500 0.26562 0.35938 rates 1.66966 1.71202 2.78926 5.31886 0.40428 0.05010
GTR_Opt	GTR LogLk(1.66966 1.71202 2.78926 5.31886 0.40428 0.05010) = -40.815336
GTR_Opt	freq 0.25000 0.12500 0.26562 0.35938 rates 1.66966 1.71202 2.78926 5.31886 0.40428 0.05005
GTR_Opt	GTR LogLk(1.66966 1.71202 2.78926 5.31886 0.40428 0.05005) = -40.815286
GTR_Opt	freq 0.25000 0.12500 0.26562 0.35938 rates 0.83483 1.71202 2.78926 5.31886 0.40428 0.05005
GTR_Opt	GTR LogLk(0.83483 1.71202 2.78926 5.31886 0.40428 0.05005) = -41.028323
GTR_Opt	freq 0.25000 0.12500 0.26562 0.35938 rates 1.66966 1.71202 2.78926 5.31886 0.40428 0.05005
GTR_Opt	GTR LogLk(1.66966 1.71202 2.78926 5.31886 0.40428 0.05005) = -40.815286
GTR_Opt	freq 0.25000 0.12500 0.26562 0.35938 rates 3.33932 1.71202 2.78926 5.31886 0.40428 0.05005
GTR_Opt	GTR LogLk(3.33932 1.71202 2.78926 5.31886 0.40428 0.05005) = -40.659754
GTR_Opt	freq 0.25000 0.12500 0.26562 0.35938 rates 11.66966 1.71202 2.78926 5.31886 0.40428 0.05005
GTR_Opt	GTR LogLk(11.66966 1.71202 2.78926 5.31886 0.40428 0.05005) = -41.208000
GTR_Opt	freq 0.25000 0.12500 0.26562 0.35938 rates 5.48932 1.71202 2.78926 5.31886 0.40428 0.05005
GTR_Opt	GTR LogLk(5.48932 1.71202 2.78926 5.31886 0.40428 0.05005) = -40.688544
GTR_Opt	freq 0.25000 0.12500 0.26562 0.35938 rates 3.92733 1.71202 2.78926 5.31886 0.40428 0.05005
GTR_Opt	GTR LogLk(3.92733 1.71202 2.78926 5.31886 0.40428 0.05005) = -40.650670
GTR_Opt	freq 0.25000 0.12500 0.26562 0.35938 rates 4.23171 1.71202 2.78926 5.31886 0.40428 0.05005
GTR_Opt	GTR LogLk(4.23171 1.71202 2.78926 5.31886 0.40428 0.05005) = -40.651885
GTR_Opt	freq 0.25000 0.12500 0.26562 0.35938 rates 3.95553 1.71202 2.78926 5.31886 0.40428 0.05005
GTR_Opt	GTR LogLk(3.95553 1.71202 2.78926 5.31886 0.40428 0.05005) = -40.650626
GTR_Opt	freq 0.25000 0.12500 0.26562 0.35938 rates 3.97995 1.71202 2.78926 5.31886 0.40428 0.05005
GTR_Opt	GTR LogLk(3.97995 1.71202 2.78926 5.31886 0.40428 0.05005) = -40.650618
GTR_Opt	freq 0.25000 0.12500 0.26562 0.35938 rates 3.97481 1.71202 2.78926 5.31886 0.40428 0.05005
GTR_Opt	GTR LogLk(3.97481 1.71202 2.78926 5.31886 0.40428 0.05005) = -40.650617
GTR_Opt	freq 0.25000 0.12500 0.26562 0.35938 rates 3.97083 1.71202 2.78926 5.31886 0.40428 0.05005
GTR_Opt	GTR LogLk(3.97083 1.71202 2.78926 5.31886 0.40428 0.05005) = -40.650619
GTR_Opt	freq 0.25000 0.12500 0.26562 0.35938 rates 3.97481 0.85601 2.78926 5.31886 0.40428 0.05005
GTR_Opt	GTR LogLk(3.97481 0.85601 2.78926 5.31886 0.40428 0.05005) = -40.722859
GTR_Opt	freq 0.25000 0.12500 0.26562 0.35938 rates 3.97481 1.71202 2.78926 5.31886 0.40428 0.05005
GTR_Opt	GTR LogLk(3.97481 1.71202 2.78926 5.31886 0.40428 0.05005) = -40.650617
GTR_Opt	freq 0.25000 0.12500 0.26562 0.35938 rates 3.97481 3.42404 2.78926 5.31886 0.40428 0.05005
GTR_Opt	GTR LogLk(3.97481 3.42404 2.78926 5.31886 0.40428 0.05005) = -40.895366
GTR_Opt	freq 0.25000 0.12500 0.26562 0.35938 rates 3.97481 2.36595 2.78926 5.31886 0.40428 0.05005
GTR_Opt	GTR LogLk(3.97481 2.36595 2.78926 5.31886 0.40428 0.05005) = -40.712324
GTR_Opt	freq 0.25000 0.12500 0.26562 0.35938 rates 3.97481 1.64045 2.78926 5.31886 0.40428 0.05005
GTR_Opt	GTR LogLk(3.97481 1.64045 2.78926 5.31886 0.40428 0.05005) = -40.648138
GTR_Opt	freq 0.25000 0.12500 0.26562 0.35938 rates 3.97481 1.46591 2.78926 5.31886 0.40428 0.05005
GTR_Opt	GTR LogLk(3.97481 1.46591 2.78926 5.31886 0.40428 0.05005) = -40.647003
GTR_Opt	freq 0.25000 0.12500 0.26562 0.35938 rates 3.97481 1.23295 2.78926 5.31886 0.40428 0.05005
GTR_Opt	GTR LogLk(3.97481 1.23295 2.78926 5.31886 0.40428 0.05005) = -40.658708
GTR_Opt	freq 0.25000 0.12500 0.26562 0.35938 rates 3.97481 1.52472 2.78926 5.31886 0.40428 0.05005
GTR_Opt	GTR LogLk(3.97481 1.52472 2.78926 5.31886 0.40428 0.05005) = -40.646549
GTR_Opt	freq 0.25000 0.12500 0.26562 0.35938 rates 3.97481 1.52672 2.78926 5.31886 0.40428 0.05005
GTR_Opt	GTR LogLk(3.97481 1.52672 2.78926 5.31886 0.40428 0.05005) = -40.646548
GTR_Opt	freq 0.25000 0.12500 0.26562 0.35938 rates 3.97481 1.52858 2.78926 5.31886 0.40428 0.05005
GTR_Opt	GTR LogLk(3.97481 1.52858 2.78926 5.31886 0.40428 0.05005) = -40.646549
GTR_Opt	freq 0.25000 0.12500 0.26562 0.35938 rates 3.97481 1.52672 1.39463 5.31886 0.40428 0.05005
GTR_Opt	GTR LogLk(3.97481 1.52672 1.39463 5.31886 0.40428 0.05005) = -41.286098
GTR_Opt	freq 0.25000 0.12500 0.26562 0.35938 rates 3.97481 1.52672 2.78926 5.31886 0.40428 0.05005
GTR_Opt	GTR LogLk(3.97481 1.52672 2.78926 5.31886 0.40428 0.05005) = -40.646548
GTR_Opt	freq 0.25000 0.12500 0.26562 0.35938 rates 3.97481 1.52672 5.57852 5.31886 0.40428 0.05005
GTR_Opt	GTR LogLk(3.97481 1.52672 5.57852 5.31886 0.40428 0.05005) = -40.837204
GTR_Opt	freq 0.25000 0.12500 0.26562 0.35938 rates 3.97481 1.52672 3.85466 5.31886 0.40428 0.05005
GTR_Opt	GTR LogLk(3.97481 1.52672 3.85466 5.31886 0.40428 0.05005) = -40.628011
GTR_Opt	freq 0.25000 0.12500 0.26562 0.35938 rates 3.97481 1.52672 3.49684 5.31886 0.40428 0.05005
GTR_Opt	GTR LogLk(3.97481 1.52672 3.49684 5.31886 0.40428 0.05005) = -40.614123
GTR_Opt	freq 0.25000 0.12500 0.26562 0.35938 rates 3.97481 1.52672 3.43147 5.31886 0.40428 0.05005
GTR_Opt	GTR LogLk(3.97481 1.52672 3.43147 5.31886 0.40428 0.05005) = -40.613386
GTR_Opt	freq 0.25000 0.12500 0.26562 0.35938 rates 3.97481 1.52672 3.37748 5.31886 0.40428 0.05005
GTR_Opt	GTR LogLk(3.97481 1.52672 3.37748 5.31886 0.40428 0.05005) = -40.613256
GTR_Opt	freq 0.25000 0.12500 0.26562 0.35938 rates 3.97481 1.52672 3.38827 5.31886 0.40428 0.05005
GTR_Opt	GTR LogLk(3.97481 1.52672 3.38827 5.31886 0.40428 0.05005) = -40.613245
GTR_Opt	freq 0.25000 0.12500 0.26562 0.35938 rates 3.97481 1.52672 3.39165 5.31886 0.40428 0.05005
GTR_Opt	GTR LogLk(3.97481 1.52672 3.39165 5.31886 0.40428 0.05005) = -40.613245
GTR_Opt	freq 0.25000 0.12500 0.26562 0.35938 rates 3.97481 1.52672 3.38488 5.31886 0.40428 0.05005
GTR_Opt	GTR LogLk(3.97481 1.52672 3.38488 5.31886 0.40428 0.05005) = -40.613246
GTR_Opt	freq 0.25000 0.12500 0.26562 0.35938 rates 3.97481 1.52672 3.38827 2.65943 0.40428 0.05005
GTR_Opt	GTR LogLk(3.97481 1.52672 3.38827 2.65943 0.40428 0.05005) = -40.729586
GTR_Opt	freq 0.25000 0.12500 0.26562 0.35938 rates 3.97481 1.52672 3.38827 5.31886 0.40428 0.05005
GTR_Opt	GTR LogLk(3.97481 1.52672 3.38827 5.31886 0.40428 0.05005) = -40.613245
GTR_Opt	freq 0.25000 0.12500 0.26562 0.35938 rates 3.97481 1.52672 3.38827 10.63771 0.40428 0.05005
GTR_Opt	GTR LogLk(3.97481 1.52672 3.38827 10.63771 0.40428 0.05005) = -41.019989
GTR_Opt	freq 0.25000 0.12500 0.26562 0.35938 rates 3.97481 1.52672 3.38827 7.35048 0.40428 0.05005
GTR_Opt	GTR LogLk(3.97481 1.52672 3.38827 7.35048 0.40428 0.05005) = -40.721235
GTR_Opt	freq 0.25000 0.12500 0.26562 0.35938 rates 3.97481 1.52672 3.38827 5.04804 0.40428 0.05005
GTR_Opt	GTR LogLk(3.97481 1.52672 3.38827 5.04804 0.40428 0.05005) = -40.607150
GTR_Opt	freq 0.25000 0.12500 0.26562 0.35938 rates 3.97481 1.52672 3.38827 4.33805 0.40428 0.05005
GTR_Opt	GTR LogLk(3.97481 1.52672 3.38827 4.33805 0.40428 0.05005) = -40.605133
GTR_Opt	freq 0.25000 0.12500 0.26562 0.35938 rates 3.97481 1.52672 3.38827 3.69688 0.40428 0.05005
GTR_Opt	GTR LogLk(3.97481 1.52672 3.38827 3.69688 0.40428 0.05005) = -40.625894
GTR_Opt	freq 0.25000 0.12500 0.26562 0.35938 rates 3.97481 1.52672 3.38827 4.62222 0.40428 0.05005
GTR_Opt	GTR LogLk(3.97481 1.52672 3.38827 4.62222 0.40428 0.05005) = -40.603249
GTR_Opt	freq 0.25000 0.12500 0.26562 0.35938 rates 3.97481 1.52672 3.38827 4.62920 0.40428 0.05005
GTR_Opt	GTR LogLk(3.97481 1.52672 3.38827 4.62920 0.40428 0.05005) = -40.603247
GTR_Opt	freq 0.25000 0.12500 0.26562 0.35938 rates 3.97481 1.52672 3.38827 4.63383 0.40428 0.05005
GTR_Opt	GTR LogLk(3.97481 1.52672 3.38827 4.63383 0.40428 0.05005) = -40.603252
GTR_Opt	freq 0.25000 0.12500 0.26562 0.35938 rates 3.97481 1.52672 3.38827 4.62920 0.20214 0.05005
GTR_Opt	GTR LogLk(3.97481 1.52672 3.38827 4.62920 0.20214 0.05005) = -40.594422
GTR_Opt	freq 0.25000 0.12500 0.26562 0.35938 rates 3.97481 1.52672 3.38827 4.62920 0.40428 0.05005
GTR_Opt	GTR LogLk(3.97481 1.52672 3.38827 4.62920 0.40428 0.05005) = -40.603247
GTR_Opt	freq 0.25000 0.12500 0.26562 0.35938 rates 3.97481 1.52672 3.38827 4.62920 0.80856 0.05005
GTR_Opt	GTR LogLk(3.97481 1.52672 3.38827 4.62920 0.80856 0.05005) = -40.652337
GTR_Opt	freq 0.25000 0.12500 0.26562 0.35938 rates 3.97481 1.52672 3.38827 4.62920 0.12607 0.05005
GTR_Opt	GTR LogLk(3.97481 1.52672 3.38827 4.62920 0.12607 0.05005) = -40.594948
GTR_Opt	freq 0.25000 0.12500 0.26562 0.35938 rates 3.97481 1.52672 3.38827 4.62920 0.05000 0.05005
GTR_Opt	GTR LogLk(3.97481 1.52672 3.38827 4.62920 0.05000 0.05005) = -40.598050
GTR_Opt	freq 0.25000 0.12500 0.26562 0.35938 rates 3.97481 1.52672 3.38827 4.62920 0.55870 0.05005
GTR_Opt	GTR LogLk(3.97481 1.52672 3.38827 4.62920 0.55870 0.05005) = -40.617918
GTR_Opt	freq 0.25000 0.12500 0.26562 0.35938 rates 3.97481 1.52672 3.38827 4.62920 0.26896 0.05005
GTR_Opt	GTR LogLk(3.97481 1.52672 3.38827 4.62920 0.26896 0.05005) = -40.595825
GTR_Opt	freq 0.25000 0.12500 0.26562 0.35938 rates 3.97481 1.52672 3.38827 4.62920 0.18716 0.05005
GTR_Opt	GTR LogLk(3.97481 1.52672 3.38827 4.62920 0.18716 0.05005) = -40.594338
GTR_Opt	freq 0.25000 0.12500 0.26562 0.35938 rates 3.97481 1.52672 3.38827 4.62920 0.17422 0.05005
GTR_Opt	GTR LogLk(3.97481 1.52672 3.38827 4.62920 0.17422 0.05005) = -40.594335
GTR_Opt	freq 0.25000 0.12500 0.26562 0.35938 rates 3.97481 1.52672 3.38827 4.62920 0.18016 0.05005
GTR_Opt	GTR LogLk(3.97481 1.52672 3.38827 4.62920 0.18016 0.05005) = -40.594328
GTR_Opt	freq 0.25000 0.12500 0.26562 0.35938 rates 3.97481 1.52672 3.38827 4.62920 0.18034 0.05005
GTR_Opt	GTR LogLk(3.97481 1.52672 3.38827 4.62920 0.18034 0.05005) = -40.594328
GTR_Opt	freq 0.25000 0.12500 0.26562 0.35938 rates 3.97481 1.52672 3.38827 4.62920 0.18295 0.05005
GTR_Opt	GTR LogLk(3.97481 1.52672 3.38827 4.62920 0.18295 0.05005) = -40.594331
GTR_Opt	freq 0.25000 0.12500 0.26562 0.35938 rates 3.97481 1.52672 3.38827 4.62920 0.18083 0.05005
GTR_Opt	GTR LogLk(3.97481 1.52672 3.38827 4.62920 0.18083 0.05005) = -40.594328
GTR_Opt	freq 0.25000 0.12500 0.26562 0.35938 rates 3.97481 1.52672 3.38827 4.62920 0.18164 0.05005
GTR_Opt	GTR LogLk(3.97481 1.52672 3.38827 4.62920 0.18164 0.05005) = -40.594329
GTR_Opt	freq 0.25000 0.12500 0.26562 0.35938 rates 3.97481 1.52672 3.38827 4.62920 0.18114 0.05005
GTR_Opt	GTR LogLk(3.97481 1.52672 3.38827 4.62920 0.18114 0.05005) = -40.594328
GTR_Opt	freq 0.25000 0.12500 0.26562 0.35938 rates 3.97481 1.52672 3.38827 4.62920 0.18064 0.05005
GTR_Opt	GTR LogLk(3.97481 1.52672 3.38827 4.62920 0.18064 0.05005) = -40.594329
GTR_Opt	freq 0.25000 0.12500 0.26562 0.35938 rates 3.97481 1.52672 3.38827 4.62920 0.18083 0.05000
GTR_Opt	GTR LogLk(3.97481 1.52672 3.38827 4.62920 0.18083 0.05000) = -40.594277
GTR_Opt	freq 0.25000 0.12500 0.26562 0.35938 rates 3.97481 1.52672 3.38827 4.62920 0.18083 0.05005
GTR_Opt	GTR LogLk(3.97481 1.52672 3.38827 4.62920 0.18083 0.05005) = -40.594328
GTR_Opt	freq 0.25000 0.12500 0.26562 0.35938 rates 3.97481 1.52672 3.38827 4.62920 0.18083 0.25026
GTR_Opt	GTR LogLk(3.97481 1.52672 3.38827 4.62920 0.18083 0.25026) = -40.795536
GTR_Opt	freq 0.25000 0.12500 0.26562 0.35938 rates 3.97481 1.52672 3.38827 4.62920 0.18083 0.12652
GTR_Opt	GTR LogLk(3.97481 1.52672 3.38827 4.62920 0.18083 0.12652) = -40.671836
GTR_Opt	freq 0.25000 0.12500 0.26562 0.35938 rates 3.97481 1.52672 3.38827 4.62920 0.18083 0.07926
GTR_Opt	GTR LogLk(3.97481 1.52672 3.38827 4.62920 0.18083 0.07926) = -40.624027
GTR_Opt	freq 0.25000 0.12500 0.26562 0.35938 rates 3.97481 1.52672 3.38827 4.62920 0.18083 0.06121
GTR_Opt	GTR LogLk(3.97481 1.52672 3.38827 4.62920 0.18083 0.06121) = -40.605686
GTR_Opt	freq 0.25000 0.12500 0.26562 0.35938 rates 3.97481 1.52672 3.38827 4.62920 0.18083 0.05431
GTR_Opt	GTR LogLk(3.97481 1.52672 3.38827 4.62920 0.18083 0.05431) = -40.598669
GTR_Opt	freq 0.25000 0.12500 0.26562 0.35938 rates 3.97481 1.52672 3.38827 4.62920 0.18083 0.05168
GTR_Opt	GTR LogLk(3.97481 1.52672 3.38827 4.62920 0.18083 0.05168) = -40.595987
GTR_Opt	freq 0.25000 0.12500 0.26562 0.35938 rates 3.97481 1.52672 3.38827 4.62920 0.18083 0.05067
GTR_Opt	GTR LogLk(3.97481 1.52672 3.38827 4.62920 0.18083 0.05067) = -40.594962
GTR_Opt	freq 0.25000 0.12500 0.26562 0.35938 rates 3.97481 1.52672 3.38827 4.62920 0.18083 0.05029
GTR_Opt	GTR LogLk(3.97481 1.52672 3.38827 4.62920 0.18083 0.05029) = -40.594571
GTR_Opt	freq 0.25000 0.12500 0.26562 0.35938 rates 3.97481 1.52672 3.38827 4.62920 0.18083 0.05014
GTR_Opt	GTR LogLk(3.97481 1.52672 3.38827 4.62920 0.18083 0.05014) = -40.594421
GTRFreq	0.2500	0.1250	0.2656	0.3594
GTRRates	79.4144	30.5029	67.6956	92.4888	3.6129	1.0000
NCategories	20
Rates 0.068918 0.094468 0.129489 0.177494 0.243296 0.333492 0.457126 0.626594 0.858889 1.177301 1.613756 2.212017 3.032068 4.156134 5.696919 7.808913 10.703877 14.672079 20.111395 27.567202
SiteCategories 8 8 9 9 9 8 9 9 11 12
ML_NNI2	(test4:0.00055,(test7:0.12738,(test3:0.0,test6:0.0):0.00055):0.12524,((test1:0.00055,test2:0.12491):2.23755,test5:0.00055):0.11621);
TreeLogLk	ML_NNI2	-36.7406	MaxChange	0.0000
Turning off heuristics for final round of ML NNIs (converged)
ML_NNI3	(test4:0.00055,(test7:0.12726,(test3:0.0,test6:0.0):0.00055):0.12524,((test1:0.00055,test2:0.11447):2.23755,test5:0.00055):0.11621);
TreeLogLk	ML_NNI3	-36.7370	MaxChange	0.0000
ML_Lengths2	(test4:0.00055,(test7:0.12726,(test3:0.0,test6:0.0):0.00055):0.12524,((test1:0.00651,test2:0.10852):2.23532,test5:0.00055):0.11621);
TreeLogLk	ML_Lengths2	-36.7358
Gamma20LogLk	-39.573	Approximate	Alpha	1.453	Rescale	1.241
Gamma20	Site	LogLk	r=0.062	r=0.085	r=0.117	r=0.160	r=0.219	r=0.300	r=0.412	r=0.564	r=0.773	r=1.060	r=1.453	r=1.991	r=2.729	r=3.741	r=5.128	r=7.030	r=9.636	r=13.208	r=18.104	r=24.816
Gamma20	0	-1.829	-1.096	-1.122	-1.156	-1.201	-1.260	-1.335	-1.429	-1.543	-1.680	-1.840	-2.024	-2.231	-2.458	-2.699	-2.957	-3.242	-3.565	-3.931	-4.333	-4.755
Gamma20	1	-1.829	-1.096	-1.122	-1.156	-1.201	-1.260	-1.335	-1.429	-1.543	-1.680	-1.840	-2.024	-2.231	-2.458	-2.699	-2.957	-3.242	-3.565	-3.931	-4.333	-4.755
Gamma20	2	-3.033	-3.982	-3.713	-3.461	-3.232	-3.032	-2.870	-2.756	-2.701	-2.714	-2.801	-2.963	-3.200	-3.510	-3.899	-4.376	-4.939	-5.561	-6.174	-6.686	-7.040
Gamma20	3	-3.659	-5.034	-4.748	-4.474	-4.215	-3.977	-3.767	-3.594	-3.468	-3.400	-3.403	-3.483	-3.647	-3.902	-4.257	-4.722	-5.291	-5.929	-6.566	-7.108	-7.497
Gamma20	4	-3.467	-5.024	-4.735	-4.457	-4.192	-3.945	-3.723	-3.534	-3.386	-3.289	-3.251	-3.277	-3.369	-3.530	-3.765	-4.083	-4.486	-4.965	-5.496	-6.040	-6.560
Gamma20	5	-2.265	-1.407	-1.436	-1.475	-1.527	-1.595	-1.683	-1.795	-1.934	-2.103	-2.302	-2.532	-2.792	-3.076	-3.377	-3.694	-4.043	-4.447	-4.914	-5.439	-6.003
Gamma20	6	-2.842	-3.971	-3.699	-3.442	-3.206	-2.997	-2.822	-2.691	-2.612	-2.592	-2.635	-2.738	-2.895	-3.100	-3.354	-3.662	-4.029	-4.451	-4.905	-5.356	-5.769
Gamma20	7	-3.842	-4.666	-4.399	-4.148	-3.921	-3.724	-3.568	-3.464	-3.425	-3.465	-3.595	-3.820	-4.139	-4.544	-5.036	-5.627	-6.335	-7.163	-8.061	-8.918	-9.615
Gamma20	8	-6.649	-12.824	-12.092	-11.355	-10.619	-9.891	-9.184	-8.511	-7.887	-7.330	-6.853	-6.465	-6.173	-5.982	-5.899	-5.933	-6.086	-6.353	-6.713	-7.127	-7.535
Gamma20	9	-10.158	-18.692	-17.801	-16.930	-16.085	-15.270	-14.490	-13.744	-13.023	-12.309	-11.582	-10.839	-10.105	-9.415	-8.799	-8.283	-7.889	-7.641	-7.547	-7.600	-7.763
Total time: 0.01 seconds Unique: 6/7 Bad splits: 0/3
Dist/N**2: by-profile 13.667 (out 0.167) by-leaf 0.000 avg-prof 5.583
 Hill-climb: 0 Update-best: 0
NNI: 0 SPR: 0 ML-NNI: 0
Max-lk operations: lk 4334 posterior 1255 star-only 1
TreeCompleted
